<?xml version="1.0" encoding="UTF-8"?>
<!-- Generated by org.testng.reporters.JUnitReportReporter -->
<testsuite hostname="4XF6B53" failures="0" tests="1" name="com.zemoso.tests.AddressAdditionTest" time="0.000" errors="0" timestamp="2021-08-03T16:41:32 IST" skipped="1">
  <testcase classname="com.zemoso.tests.AddressAdditionTest" name="tc005_addAndVerifyAddress" time="0.000">
    <skipped/>
  </testcase> <!-- tc005_addAndVerifyAddress -->
  <system-out/>
</testsuite> <!-- com.zemoso.tests.AddressAdditionTest -->
